<?xml version="1.0" encoding="UTF-8" ?>
<testsuite errors="0" skipped="0" tests="1" time="0.359" failures="0" name="org.sonatype.mavenbook.weather.yahoo.WeatherFormatterTest">
  <properties>
    <property value="Java(TM) 2 Runtime Environment, Standard Edition" name="java.runtime.name"/>
    <property value="C:\Java\jdk1.5.0_21\jre\bin" name="sun.boot.library.path"/>
    <property value="1.5.0_21-b01" name="java.vm.version"/>
    <property value="Sun Microsystems Inc." name="java.vm.vendor"/>
    <property value="http://java.sun.com/" name="java.vendor.url"/>
    <property value=";" name="path.separator"/>
    <property value="true" name="guice.disable.misplaced.annotation.check"/>
    <property value="Java HotSpot(TM) Client VM" name="java.vm.name"/>
    <property value="sun.io" name="file.encoding.pkg"/>
    <property value="US" name="user.country"/>
    <property value="SUN_STANDARD" name="sun.java.launcher"/>
    <property value="" name="sun.os.patch.level"/>
    <property value="Java Virtual Machine Specification" name="java.vm.specification.name"/>
    <property value="C:\Workspaces\Maven\ch-cust\simple-weather" name="user.dir"/>
    <property value="1.5.0_21-b01" name="java.runtime.version"/>
    <property value="sun.awt.Win32GraphicsEnvironment" name="java.awt.graphicsenv"/>
    <property value="C:\Java\jdk1.5.0_21\jre\lib\endorsed" name="java.endorsed.dirs"/>
    <property value="x86" name="os.arch"/>
    <property value="C:\Users\NILADA~1\AppData\Local\Temp\" name="java.io.tmpdir"/>
    <property value="
" name="line.separator"/>
    <property value="Sun Microsystems Inc." name="java.vm.specification.vendor"/>
    <property value="" name="user.variant"/>
    <property value="Windows NT (unknown)" name="os.name"/>
    <property value="C:/Maven/apache-maven-3.2.5/bin/m2.conf" name="classworlds.conf"/>
    <property value="Cp1252" name="sun.jnu.encoding"/>
    <property value="C:\Java\jdk1.5.0_21\bin;.;C:\Windows\system32;C:\Windows;C:\Users\niladari datta\bin;C:\Users\niladari datta\AppData\Local\Programs\Git\mingw64\bin;C:\Users\niladari datta\AppData\Local\Programs\Git\usr\local\bin;C:\Users\niladari datta\AppData\Local\Programs\Git\usr\bin;C:\Users\niladari datta\AppData\Local\Programs\Git\usr\bin;C:\Users\niladari datta\AppData\Local\Programs\Git\mingw64\bin;C:\Users\niladari datta\AppData\Local\Programs\Git\usr\bin;C:\app\iadmin\product\11.2.0\client_1\bin;C:\Java\Latest\bin;C:\Ant\Latest\bin;C:\Java\jdk1.5.0_21\bin;C:\Ant\apache-ant-1.9.6\bin;C:\Maven\apache-maven-3.2.5\bin;C:\ProgramData\Oracle\Java\javapath;C:\Program Files (x86)\Intel\iCLS Client;C:\Program Files\Intel\iCLS Client;C:\Windows\system32;C:\Windows;C:\Windows\System32\Wbem;C:\Windows\System32\WindowsPowerShell\v1.0;C:\Program Files\Intel\Intel(R) Management Engine Components\DAL;C:\Program Files (x86)\Intel\Intel(R) Management Engine Components\DAL;C:\Program Files\Intel\Intel(R) Management Engine Components\IPT;C:\Program Files (x86)\Intel\Intel(R) Management Engine Components\IPT;C:\Program Files (x86)\Skype\Phone;C:\Program Files\TortoiseSVN\bin;C:\Program Files\SlikSvn\bin;C:\ProgramData\Oracle\Java\javapath;C:\Program Files (x86)\Intel\iCLS Client;C:\Program Files\Intel\iCLS Client;C:\Windows\system32;C:\Windows;C:\Windows\System32\Wbem;C:\Windows\System32\WindowsPowerShell\v1.0;C:\Program Files\Intel\Intel(R) Management Engine Components\DAL;C:\Program Files (x86)\Intel\Intel(R) Management Engine Components\DAL;C:\Program Files\Intel\Intel(R) Management Engine Components\IPT;C:\Program Files (x86)\Intel\Intel(R) Management Engine Components\IPT;C:\Program Files (x86)\Skype\Phone;C:\Program Files\TortoiseSVN\bin;C:\Users\niladari datta\AppData\Local\Programs\Git\usr\bin\vendor_perl;C:\Users\niladari datta\AppData\Local\Programs\Git\usr\bin\core_perl" name="java.library.path"/>
    <property value="Java Platform API Specification" name="java.specification.name"/>
    <property value="49.0" name="java.class.version"/>
    <property value="HotSpot Client Compiler" name="sun.management.compiler"/>
    <property value="6.2" name="os.version"/>
    <property value="C:\Users\niladari datta" name="user.home"/>
    <property value="Asia/Calcutta" name="user.timezone"/>
    <property value="sun.awt.windows.WPrinterJob" name="java.awt.printerjob"/>
    <property value="Cp1252" name="file.encoding"/>
    <property value="1.5" name="java.specification.version"/>
    <property value="niladari datta" name="user.name"/>
    <property value="C:/Maven/apache-maven-3.2.5/boot/plexus-classworlds-2.5.1.jar" name="java.class.path"/>
    <property value="info" name="org.slf4j.simpleLogger.defaultLogLevel"/>
    <property value="1.0" name="java.vm.specification.version"/>
    <property value="32" name="sun.arch.data.model"/>
    <property value="C:\Java\jdk1.5.0_21\jre" name="java.home"/>
    <property value="Sun Microsystems Inc." name="java.specification.vendor"/>
    <property value="en" name="user.language"/>
    <property value="sun.awt.windows.WToolkit" name="awt.toolkit"/>
    <property value="mixed mode, sharing" name="java.vm.info"/>
    <property value="1.5.0_21" name="java.version"/>
    <property value="C:\Java\jdk1.5.0_21\jre\lib\ext" name="java.ext.dirs"/>
    <property value="C:\Java\jdk1.5.0_21\jre\lib\rt.jar;C:\Java\jdk1.5.0_21\jre\lib\i18n.jar;C:\Java\jdk1.5.0_21\jre\lib\sunrsasign.jar;C:\Java\jdk1.5.0_21\jre\lib\jsse.jar;C:\Java\jdk1.5.0_21\jre\lib\jce.jar;C:\Java\jdk1.5.0_21\jre\lib\charsets.jar;C:\Java\jdk1.5.0_21\jre\classes" name="sun.boot.class.path"/>
    <property value="Sun Microsystems Inc." name="java.vendor"/>
    <property value="C:\Maven\apache-maven-3.2.5" name="maven.home"/>
    <property value="\" name="file.separator"/>
    <property value="http://java.sun.com/cgi-bin/bugreport.cgi" name="java.vendor.url.bug"/>
    <property value="little" name="sun.cpu.endian"/>
    <property value="UnicodeLittle" name="sun.io.unicode.encoding"/>
    <property value="windows" name="sun.desktop"/>
    <property value="pentium_pro+mmx pentium_pro pentium+mmx pentium i486 i386 i86" name="sun.cpu.isalist"/>
  </properties>
  <testcase classname="org.sonatype.mavenbook.weather.yahoo.WeatherFormatterTest" time="0.359" name="testFormat"/>
</testsuite>